{"level":"info","message":{"reqBody":{},"reqUrl":"/api/v1/","timeStamp":"Thu Oct 26 2023 00:29:43 GMT+0530 (India Standard Time)"},"service":"request-logging"}
{"level":"info","message":{"reqBody":{},"reqUrl":"/api/v1/patients","timeStamp":"Thu Oct 26 2023 01:15:37 GMT+0530 (India Standard Time)"},"service":"request-logging"}
{"level":"info","message":{"reqBody":{},"reqUrl":"/api/v1/patients","timeStamp":"Thu Oct 26 2023 01:15:54 GMT+0530 (India Standard Time)"},"service":"request-logging"}
{"level":"info","message":{"reqBody":{},"reqUrl":"/api/v1/patients/register","timeStamp":"Thu Oct 26 2023 01:16:50 GMT+0530 (India Standard Time)"},"service":"request-logging"}
{"level":"info","message":{"reqBody":{"moboleNumber":999999999},"reqUrl":"/api/v1/patients/register","timeStamp":"Thu Oct 26 2023 01:17:24 GMT+0530 (India Standard Time)"},"service":"request-logging"}
{"level":"info","message":{"reqBody":{"mobileNumber":999999999},"reqUrl":"/api/v1/patients/register","timeStamp":"Thu Oct 26 2023 01:17:36 GMT+0530 (India Standard Time)"},"service":"request-logging"}
{"level":"info","message":{"reqBody":{"mobileNumber":999999999},"reqUrl":"/api/v1/patients/register","timeStamp":"Thu Oct 26 2023 01:18:45 GMT+0530 (India Standard Time)"},"service":"request-logging"}
{"level":"info","message":{"reqBody":{"mobileNumber":999999999},"reqUrl":"/api/v1/patients/register","timeStamp":"Thu Oct 26 2023 01:19:02 GMT+0530 (India Standard Time)"},"service":"request-logging"}
{"level":"info","message":{"reqBody":{"mobileNumber":999999998},"reqUrl":"/api/v1/patients/register","timeStamp":"Thu Oct 26 2023 01:24:56 GMT+0530 (India Standard Time)"},"service":"request-logging"}
{"level":"info","message":{"reqBody":{"mobileNumber":9999999989},"reqUrl":"/api/v1/patients/register","timeStamp":"Thu Oct 26 2023 01:25:32 GMT+0530 (India Standard Time)"},"service":"request-logging"}
{"level":"info","message":{"reqBody":{"mobileNumber":"99999999"},"reqUrl":"/api/v1/patients/register","timeStamp":"Thu Oct 26 2023 01:25:48 GMT+0530 (India Standard Time)"},"service":"request-logging"}
{"level":"info","message":{"reqBody":{"mobileNumber":"99999999567"},"reqUrl":"/api/v1/patients/register","timeStamp":"Thu Oct 26 2023 01:25:55 GMT+0530 (India Standard Time)"},"service":"request-logging"}
{"level":"info","message":{"reqBody":{"mobileNumber":"9999999956"},"reqUrl":"/api/v1/patients/register","timeStamp":"Thu Oct 26 2023 01:26:02 GMT+0530 (India Standard Time)"},"service":"request-logging"}
{"level":"info","message":{"reqBody":{"mobileNumber":"9999999956"},"reqUrl":"/api/v1/patients/register","timeStamp":"Thu Oct 26 2023 01:33:47 GMT+0530 (India Standard Time)"},"service":"request-logging"}
{"level":"info","message":{"reqBody":{"mobileNumber":"9999999956"},"reqUrl":"/api/v1/patients/register","timeStamp":"Thu Oct 26 2023 01:33:55 GMT+0530 (India Standard Time)"},"service":"request-logging"}
{"level":"info","message":{"reqBody":{"mobileNumber":"9999999856"},"reqUrl":"/api/v1/patients/register","timeStamp":"Thu Oct 26 2023 01:34:06 GMT+0530 (India Standard Time)"},"service":"request-logging"}
{"level":"info","message":{"reqBody":{"mobileNumber":"9999999856"},"reqUrl":"/api/v1/patients/register","timeStamp":"Thu Oct 26 2023 01:35:37 GMT+0530 (India Standard Time)"},"service":"request-logging"}
{"level":"info","message":{"reqBody":{"mobileNumber":"9999979856"},"reqUrl":"/api/v1/patients/register","timeStamp":"Thu Oct 26 2023 01:35:46 GMT+0530 (India Standard Time)"},"service":"request-logging"}
{"level":"info","message":{"reqBody":{"mobileNumber":"9999979856"},"reqUrl":"/api/v1/patients/register","timeStamp":"Thu Oct 26 2023 01:36:34 GMT+0530 (India Standard Time)"},"service":"request-logging"}
{"level":"info","message":{"reqBody":{"mobileNumber":"9999979856"},"reqUrl":"/api/v1/patients/register","timeStamp":"Thu Oct 26 2023 01:37:16 GMT+0530 (India Standard Time)"},"service":"request-logging"}
{"level":"info","message":{"reqBody":{"mobileNumber":"9999979856"},"reqUrl":"/api/v1/patients/register","timeStamp":"Thu Oct 26 2023 01:37:53 GMT+0530 (India Standard Time)"},"service":"request-logging"}
{"level":"info","message":{"reqBody":{"mobileNumber":"9999979856"},"reqUrl":"/api/v1/patients/register","timeStamp":"Thu Oct 26 2023 01:39:54 GMT+0530 (India Standard Time)"},"service":"request-logging"}
{"level":"info","message":{"reqBody":{"mobileNumber":"a999979856"},"reqUrl":"/api/v1/patients/register","timeStamp":"Thu Oct 26 2023 01:40:15 GMT+0530 (India Standard Time)"},"service":"request-logging"}
{"level":"info","message":{"reqBody":{"mobileNumber":"a999979856"},"reqUrl":"/api/v1/patients/register","timeStamp":"Thu Oct 26 2023 01:41:18 GMT+0530 (India Standard Time)"},"service":"request-logging"}
{"level":"info","message":{"reqBody":{"mobileNumber":"a999979856"},"reqUrl":"/api/v1/patients/register","timeStamp":"Thu Oct 26 2023 01:41:40 GMT+0530 (India Standard Time)"},"service":"request-logging"}
{"level":"info","message":{"reqBody":{"mobileNumber":"0999979856"},"reqUrl":"/api/v1/patients/register","timeStamp":"Thu Oct 26 2023 01:41:59 GMT+0530 (India Standard Time)"},"service":"request-logging"}
{"level":"info","message":{"reqBody":{"mobileNumber":"9999979856"},"reqUrl":"/api/v1/patients/register","timeStamp":"Thu Oct 26 2023 01:43:39 GMT+0530 (India Standard Time)"},"service":"request-logging"}
{"level":"info","message":{"reqBody":{},"reqUrl":"/api/v1/patients/653975996a0e64376bafefd7/create-report","timeStamp":"Thu Oct 26 2023 01:57:10 GMT+0530 (India Standard Time)"},"service":"request-logging"}
{"level":"info","message":{"reqBody":{},"reqUrl":"/api/v1/patients/653975996a0e64376bafefd7/create-report","timeStamp":"Thu Oct 26 2023 01:57:17 GMT+0530 (India Standard Time)"},"service":"request-logging"}
{"level":"info","message":{"reqBody":{"date":"26-10-2023","status":"alfjldk"},"reqUrl":"/api/v1/patients/653975996a0e64376bafefd7/create-report","timeStamp":"Thu Oct 26 2023 01:58:02 GMT+0530 (India Standard Time)"},"service":"request-logging"}
{"level":"info","message":{"reqBody":{"date":"26-10-2023","status":""},"reqUrl":"/api/v1/patients/653975996a0e64376bafefd7/create-report","timeStamp":"Thu Oct 26 2023 01:59:32 GMT+0530 (India Standard Time)"},"service":"request-logging"}
{"level":"info","message":{"reqBody":{"date":"26-10-2023","status":"ldjfkdf"},"reqUrl":"/api/v1/patients/653975996a0e64376bafefd7/create-report","timeStamp":"Thu Oct 26 2023 01:59:47 GMT+0530 (India Standard Time)"},"service":"request-logging"}
{"level":"info","message":{"reqBody":{"date":"26-10-2023","status":"NEGATIVE"},"reqUrl":"/api/v1/patients/653975996a0e64376bafefd7/create-report","timeStamp":"Thu Oct 26 2023 02:00:11 GMT+0530 (India Standard Time)"},"service":"request-logging"}
{"level":"info","message":{"reqBody":{"date":"26-10-2023","status":"NEGATIVE"},"reqUrl":"/api/v1/patients/653975996a0e64376bafef/create-report","timeStamp":"Thu Oct 26 2023 02:01:42 GMT+0530 (India Standard Time)"},"service":"request-logging"}
{"level":"info","message":{"reqBody":{"date":"26-10-2023","status":"NEGATIVE"},"reqUrl":"/api/v1/patients/653975996a0e64376bafefd5/create-report","timeStamp":"Thu Oct 26 2023 02:02:00 GMT+0530 (India Standard Time)"},"service":"request-logging"}
{"level":"info","message":{"reqBody":{"date":"26-10-2023","status":"NEGATIVE"},"reqUrl":"/api/v1/patients/653975996a0e64376bafefd7/create-report","timeStamp":"Thu Oct 26 2023 02:02:16 GMT+0530 (India Standard Time)"},"service":"request-logging"}
{"level":"info","message":{"reqBody":{},"reqUrl":"/api/v1/patients/653975996a0e64376bafefd7/all-reports","timeStamp":"Thu Oct 26 2023 02:06:43 GMT+0530 (India Standard Time)"},"service":"request-logging"}
{"level":"info","message":{"reqBody":{},"reqUrl":"/api/v1/patients/653975996a0e64376bafefd7/all-reports","timeStamp":"Thu Oct 26 2023 02:07:47 GMT+0530 (India Standard Time)"},"service":"request-logging"}
{"level":"info","message":{"reqBody":{},"reqUrl":"/api/v1/patients/653975996a0e64376bafefd7/all-reports","timeStamp":"Thu Oct 26 2023 02:08:18 GMT+0530 (India Standard Time)"},"service":"request-logging"}
{"level":"info","message":{"reqBody":{},"reqUrl":"/api/v1/patients/653975996a0e64376bafefd7/all-reports","timeStamp":"Thu Oct 26 2023 02:09:04 GMT+0530 (India Standard Time)"},"service":"request-logging"}
{"level":"info","message":{"reqBody":{},"reqUrl":"/api/v1/patients/653975996a0e64376bafefd7/all-reports","timeStamp":"Thu Oct 26 2023 02:09:09 GMT+0530 (India Standard Time)"},"service":"request-logging"}
{"level":"info","message":{"reqBody":{},"reqUrl":"/api/v1/patients/653975996a0e64376bafefd7/all-reports","timeStamp":"Thu Oct 26 2023 02:12:12 GMT+0530 (India Standard Time)"},"service":"request-logging"}
{"level":"info","message":{"reqBody":{"date":"26-10-2023","status":"NEGATIVE"},"reqUrl":"/api/v1/patients/653975996a0e64376bafefd7/create-report","timeStamp":"Thu Oct 26 2023 02:12:20 GMT+0530 (India Standard Time)"},"service":"request-logging"}
{"level":"info","message":{"reqBody":{},"reqUrl":"/api/v1/patients/653975996a0e64376bafefd7/all-reports","timeStamp":"Thu Oct 26 2023 02:12:25 GMT+0530 (India Standard Time)"},"service":"request-logging"}
{"level":"info","message":{"reqBody":{},"reqUrl":"/api/v1/patients/653975996a0e64376bafefd7/all-reports","timeStamp":"Thu Oct 26 2023 02:12:35 GMT+0530 (India Standard Time)"},"service":"request-logging"}
{"level":"info","message":{"reqBody":{"date":"26-10-2023","status":"NEGATIVE"},"reqUrl":"/api/v1/patients/653975996a0e64376bafefd7/create-report","timeStamp":"Thu Oct 26 2023 02:12:37 GMT+0530 (India Standard Time)"},"service":"request-logging"}
{"level":"info","message":{"reqBody":{"date":"26-10-2023","status":"NEGATIVE"},"reqUrl":"/api/v1/patients/653975996a0e64376bafefd7/create-report","timeStamp":"Thu Oct 26 2023 02:12:40 GMT+0530 (India Standard Time)"},"service":"request-logging"}
{"level":"info","message":{"reqBody":{},"reqUrl":"/api/v1/patients/653975996a0e64376bafefd7/all-reports","timeStamp":"Thu Oct 26 2023 02:12:43 GMT+0530 (India Standard Time)"},"service":"request-logging"}
{"level":"info","message":{"reqBody":{"date":"26-10-2023","status":"NEGATIVE"},"reqUrl":"/api/v1/patients/653975996a0e64376bafefd7/create-report","timeStamp":"Thu Oct 26 2023 02:13:00 GMT+0530 (India Standard Time)"},"service":"request-logging"}
{"level":"info","message":{"reqBody":{},"reqUrl":"/api/v1/patients/653975996a0e64376bafefd7/all-reports","timeStamp":"Thu Oct 26 2023 02:13:03 GMT+0530 (India Standard Time)"},"service":"request-logging"}
{"level":"info","message":{"reqBody":{},"reqUrl":"/api/v1/patients/653975996a0e64376bafefd7/all-reports","timeStamp":"Thu Oct 26 2023 02:13:51 GMT+0530 (India Standard Time)"},"service":"request-logging"}
{"level":"info","message":{"reqBody":{},"reqUrl":"/api/v1/patients/653975996a0e64376bafefd7/all-reports","timeStamp":"Thu Oct 26 2023 02:13:59 GMT+0530 (India Standard Time)"},"service":"request-logging"}
{"level":"info","message":{"reqBody":{},"reqUrl":"/api/v1/patients/653975996a0e64376bafefd7/all-reports","timeStamp":"Thu Oct 26 2023 02:14:38 GMT+0530 (India Standard Time)"},"service":"request-logging"}
{"level":"info","message":{"reqBody":{},"reqUrl":"/api/v1/patients/653975996a0e64376bafefd7/all-reports","timeStamp":"Thu Oct 26 2023 02:14:44 GMT+0530 (India Standard Time)"},"service":"request-logging"}
{"level":"info","message":{"reqBody":{},"reqUrl":"/api/v1/patients/653975996a0e64376bafefd7/all-reports","timeStamp":"Thu Oct 26 2023 02:15:34 GMT+0530 (India Standard Time)"},"service":"request-logging"}
{"level":"info","message":{"reqBody":{},"reqUrl":"/api/v1/patients/abc","timeStamp":"Thu Oct 26 2023 02:24:40 GMT+0530 (India Standard Time)"},"service":"request-logging"}
{"level":"info","message":{"reqBody":{},"reqUrl":"/api/v1/patients/NEGATIVE","timeStamp":"Thu Oct 26 2023 02:24:58 GMT+0530 (India Standard Time)"},"service":"request-logging"}
{"level":"info","message":{"reqBody":{},"reqUrl":"/api/v1/patients/POSITIVE_ADMIT","timeStamp":"Thu Oct 26 2023 02:25:21 GMT+0530 (India Standard Time)"},"service":"request-logging"}
{"level":"info","message":{"reqBody":{},"reqUrl":"/api/v1/patients/TRAVELED_QUARANTINE","timeStamp":"Thu Oct 26 2023 02:25:33 GMT+0530 (India Standard Time)"},"service":"request-logging"}
{"level":"info","message":{"reqBody":{},"reqUrl":"/api/v1/patients/SYMPTOMS_QUARANTINE","timeStamp":"Thu Oct 26 2023 02:25:40 GMT+0530 (India Standard Time)"},"service":"request-logging"}
{"level":"info","message":{"reqBody":{},"reqUrl":"/api/v1/SYMPTOMS_QUARANTINE","timeStamp":"Thu Oct 26 2023 02:33:07 GMT+0530 (India Standard Time)"},"service":"request-logging"}
{"level":"info","message":{"reqBody":{},"reqUrl":"/api/v1/reports/SYMPTOMS_QUARANTINE","timeStamp":"Thu Oct 26 2023 02:33:37 GMT+0530 (India Standard Time)"},"service":"request-logging"}
{"level":"info","message":{"reqBody":{},"reqUrl":"/api/v1/reports/SYMPTOMS_QUARANTINE","timeStamp":"Thu Oct 26 2023 02:35:20 GMT+0530 (India Standard Time)"},"service":"request-logging"}
{"level":"info","message":{"reqBody":{},"reqUrl":"/api/v1/reports/POSITIVE","timeStamp":"Thu Oct 26 2023 02:35:33 GMT+0530 (India Standard Time)"},"service":"request-logging"}
{"level":"info","message":{"reqBody":{},"reqUrl":"/api/v1/reports/NEGATIVE","timeStamp":"Thu Oct 26 2023 02:35:44 GMT+0530 (India Standard Time)"},"service":"request-logging"}
{"level":"info","message":{"reqBody":{},"reqUrl":"/api/v1/reports/NEGATIV","timeStamp":"Thu Oct 26 2023 02:39:34 GMT+0530 (India Standard Time)"},"service":"request-logging"}
{"level":"info","message":{"reqBody":{},"reqUrl":"/api/v1/reports/NEGATIV","timeStamp":"Thu Oct 26 2023 02:39:55 GMT+0530 (India Standard Time)"},"service":"request-logging"}
{"level":"info","message":{"reqBody":{},"reqUrl":"/api/v1/reports/NEGATIVE","timeStamp":"Thu Oct 26 2023 02:40:21 GMT+0530 (India Standard Time)"},"service":"request-logging"}
{"level":"info","message":{"reqBody":{"date":"26-10-2023","status":"POSITIVE"},"reqUrl":"/api/v1/patients/653975996a0e64376bafefd7/create-report","timeStamp":"Thu Oct 26 2023 02:40:47 GMT+0530 (India Standard Time)"},"service":"request-logging"}
{"level":"info","message":{"reqBody":{},"reqUrl":"/api/v1/reports/NEGATIVE","timeStamp":"Thu Oct 26 2023 02:40:54 GMT+0530 (India Standard Time)"},"service":"request-logging"}
{"level":"info","message":{"reqBody":{"date":"26-10-2023","status":"POSITIVE"},"reqUrl":"/api/v1/patients/653975996a0e64376bafefd7/create-report","timeStamp":"Thu Oct 26 2023 02:41:07 GMT+0530 (India Standard Time)"},"service":"request-logging"}
{"level":"info","message":{"reqBody":{},"reqUrl":"/api/v1/reports/NEGATIVE","timeStamp":"Thu Oct 26 2023 02:41:12 GMT+0530 (India Standard Time)"},"service":"request-logging"}
{"level":"info","message":{"reqBody":{},"reqUrl":"/api/v1/reports/NEGATIVE","timeStamp":"Thu Oct 26 2023 02:41:41 GMT+0530 (India Standard Time)"},"service":"request-logging"}
{"level":"info","message":{"reqBody":{"date":"26-10-2023","status":"POSITIVE"},"reqUrl":"/api/v1/patients/653975996a0e64376bafefd7/create-report","timeStamp":"Thu Oct 26 2023 02:41:48 GMT+0530 (India Standard Time)"},"service":"request-logging"}
{"level":"info","message":{"reqBody":{"date":"26-10-2023","status":"TRAVELED_QUARANTINE"},"reqUrl":"/api/v1/patients/653975996a0e64376bafefd7/create-report","timeStamp":"Thu Oct 26 2023 02:42:05 GMT+0530 (India Standard Time)"},"service":"request-logging"}
{"level":"info","message":{"reqBody":{},"reqUrl":"/api/v1/patients/653975996a0e64376bafefd7/all-reports","timeStamp":"Thu Oct 26 2023 02:42:14 GMT+0530 (India Standard Time)"},"service":"request-logging"}
{"level":"info","message":{"reqBody":{},"reqUrl":"/api/v1/reports/NEGATIVE","timeStamp":"Thu Oct 26 2023 02:42:23 GMT+0530 (India Standard Time)"},"service":"request-logging"}
{"level":"info","message":{"reqBody":{},"reqUrl":"/api/v1/reports/TRAVELED_QUARANTINE","timeStamp":"Thu Oct 26 2023 02:42:31 GMT+0530 (India Standard Time)"},"service":"request-logging"}
{"level":"info","message":{"reqBody":{},"reqUrl":"/api/v1/reports/TRAVELED_QUARANTINE","timeStamp":"Thu Oct 26 2023 03:03:48 GMT+0530 (India Standard Time)"},"service":"request-logging"}
{"level":"info","message":{"reqBody":{},"reqUrl":"/api/v1/reports/TRAVELED_QUARANTINE","timeStamp":"Thu Oct 26 2023 03:23:35 GMT+0530 (India Standard Time)"},"service":"request-logging"}
{"level":"info","message":{"reqBody":{"mobileNumber":"9999979856"},"reqUrl":"/api/v1/patients/register","timeStamp":"Thu Oct 26 2023 03:31:33 GMT+0530 (India Standard Time)"},"service":"request-logging"}
{"level":"info","message":{"reqBody":{},"reqUrl":"/api/v1/reports/TRAVELED_QUARANTINE","timeStamp":"Thu Oct 26 2023 10:46:30 GMT+0530 (India Standard Time)"},"service":"request-logging"}
{"level":"info","message":{"reqBody":{"mobileNumber":"9999979856"},"reqUrl":"/api/v1/patients/register","timeStamp":"Thu Oct 26 2023 11:34:57 GMT+0530 (India Standard Time)"},"service":"request-logging"}
{"level":"info","message":{"reqBody":{"mobileNumber":"9999979856"},"reqUrl":"/api/v1/patients/register","timeStamp":"Thu Oct 26 2023 11:35:48 GMT+0530 (India Standard Time)"},"service":"request-logging"}
{"level":"info","message":{"reqBody":{"mobileNumber":"9999979856"},"reqUrl":"/api/v1/patients/register","timeStamp":"Thu Oct 26 2023 11:36:14 GMT+0530 (India Standard Time)"},"service":"request-logging"}
{"level":"info","message":{"reqBody":{"mobileNumber":"9856"},"reqUrl":"/api/v1/patients/register","timeStamp":"Thu Oct 26 2023 11:36:44 GMT+0530 (India Standard Time)"},"service":"request-logging"}
{"level":"info","message":{"reqBody":{"mobileNumber":"9999979856"},"reqUrl":"/api/v1/patients/register","timeStamp":"Thu Oct 26 2023 11:37:10 GMT+0530 (India Standard Time)"},"service":"request-logging"}
{"level":"info","message":{"reqBody":{"mobileNumber":"9999999999"},"reqUrl":"/api/v1/patients/register","timeStamp":"Thu Oct 26 2023 11:46:33 GMT+0530 (India Standard Time)"},"service":"request-logging"}
{"level":"info","message":{"reqBody":{"date":"string","status":"string"},"reqUrl":"/api/v1/patients/66666/create-report","timeStamp":"Thu Oct 26 2023 11:47:03 GMT+0530 (India Standard Time)"},"service":"request-logging"}
{"level":"info","message":{"reqBody":{"date":"66666","status":"666"},"reqUrl":"/api/v1/patients/66666/create-report","timeStamp":"Thu Oct 26 2023 11:47:25 GMT+0530 (India Standard Time)"},"service":"request-logging"}
{"level":"info","message":{"reqBody":{},"reqUrl":"/api/v1/patients/653975996a0e64376bafefd7/all-reports","timeStamp":"Thu Oct 26 2023 11:49:14 GMT+0530 (India Standard Time)"},"service":"request-logging"}
{"level":"info","message":{"reqBody":{},"reqUrl":"/api/v1/patients/653975996a0e64376bafefd/all-reports","timeStamp":"Thu Oct 26 2023 11:49:23 GMT+0530 (India Standard Time)"},"service":"request-logging"}
{"level":"info","message":{"reqBody":{},"reqUrl":"/api/v1/patients/653975996a0e64376bafefd7/all-reports","timeStamp":"Thu Oct 26 2023 11:49:32 GMT+0530 (India Standard Time)"},"service":"request-logging"}
{"level":"info","message":{"reqBody":{},"reqUrl":"/api/v1/patients/653975996a0e64376bafefd7/all-report","timeStamp":"Thu Oct 26 2023 11:50:13 GMT+0530 (India Standard Time)"},"service":"request-logging"}
{"level":"info","message":{"reqBody":{},"reqUrl":"/api/v1/patients/653975996a0e64376bafefd7/all-report","timeStamp":"Thu Oct 26 2023 11:50:46 GMT+0530 (India Standard Time)"},"service":"request-logging"}
{"level":"info","message":{"reqBody":{},"reqUrl":"/api/v1/patients/653975996a0e64376bafefd7/all-reports","timeStamp":"Thu Oct 26 2023 11:51:13 GMT+0530 (India Standard Time)"},"service":"request-logging"}
{"level":"info","message":{"reqBody":{},"reqUrl":"/api/v1/reports/approved","timeStamp":"Thu Oct 26 2023 11:56:19 GMT+0530 (India Standard Time)"},"service":"request-logging"}
{"level":"info","message":{"reqBody":{},"reqUrl":"/api/v1/reports/NEGATIVE","timeStamp":"Thu Oct 26 2023 11:57:04 GMT+0530 (India Standard Time)"},"service":"request-logging"}
{"level":"info","message":{"reqBody":{},"reqUrl":"/api/v1/reports/TRAVELED_QUARANTINE","timeStamp":"Thu Oct 26 2023 11:57:11 GMT+0530 (India Standard Time)"},"service":"request-logging"}
{"level":"info","message":{"reqBody":{},"reqUrl":"/api/v1/reports/SYMPTOMS_QUARANTINE","timeStamp":"Thu Oct 26 2023 11:57:17 GMT+0530 (India Standard Time)"},"service":"request-logging"}
{"level":"info","message":{"reqBody":{},"reqUrl":"/api/v1/reports/SYMPTOMS_QUARANTINE","timeStamp":"Thu Oct 26 2023 11:58:10 GMT+0530 (India Standard Time)"},"service":"request-logging"}
{"level":"info","message":{"reqBody":{},"reqUrl":"/api/v1/patients/fvcxvc/all-reports","timeStamp":"Thu Oct 26 2023 12:35:08 GMT+0530 (India Standard Time)"},"service":"request-logging"}
{"level":"info","message":{"reqBody":{},"reqUrl":"/api/v1/patients/fvcxvc/all-reports","timeStamp":"Thu Oct 26 2023 12:36:02 GMT+0530 (India Standard Time)"},"service":"request-logging"}
{"level":"info","message":{"reqBody":{},"reqUrl":"/api/v1/reports/NEGATIVE","timeStamp":"Thu Oct 26 2023 12:36:15 GMT+0530 (India Standard Time)"},"service":"request-logging"}
